# JRE version: OpenJDK Runtime Environment Temurin-17.0.11+9 (17.0.11+9) (build 17.0.11+9)
# Java VM: OpenJDK 64-Bit Server VM Temurin-17.0.11+9 (17.0.11+9, mixed mode, tiered, compressed oops, compressed class ptrs, g1 gc, windows-amd64)
GC Precious Log:
 CPUs: 12 total, 12 available
 Memory: 16049M
 Large Page Support: Disabled
 NUMA Support: Disabled
 Compressed Oops: Enabled (32-bit)
 Heap Region Size: 1M
 Heap Min Capacity: 8M
 Heap Initial Capacity: 252M
 Heap Max Capacity: 2G
 Pre-touch: Disabled
 Parallel Workers: 10
 Concurrent Workers: 3
 Concurrent Refinement Workers: 10
 Periodic GC: Disabled
Heap:
 garbage-first heap   total 232448K, used 119058K [0x0000000080000000, 0x0000000100000000)
  region size 1024K, 20 young (20480K), 4 survivors (4096K)
 Metaspace       used 98463K, committed 99456K, reserved 557056K
  class space    used 13604K, committed 14080K, reserved 425984K
GC Heap History (20 events):
Event: 58.010 GC heap before
{Heap before GC invocations=16 (full 0):
 garbage-first heap   total 86016K, used 68737K [0x0000000080000000, 0x0000000100000000)
  region size 1024K, 31 young (31744K), 4 survivors (4096K)
 Metaspace       used 49275K, committed 49856K, reserved 491520K
  class space    used 6654K, committed 6912K, reserved 425984K
}
Event: 58.021 GC heap after
{Heap after GC invocations=17 (full 0):
 garbage-first heap   total 86016K, used 41978K [0x0000000080000000, 0x0000000100000000)
  region size 1024K, 3 young (3072K), 3 survivors (3072K)
 Metaspace       used 49275K, committed 49856K, reserved 491520K
  class space    used 6654K, committed 6912K, reserved 425984K
}
Event: 59.134 GC heap before
{Heap before GC invocations=17 (full 0):
 garbage-first heap   total 86016K, used 69626K [0x0000000080000000, 0x0000000100000000)
  region size 1024K, 30 young (30720K), 3 survivors (3072K)
 Metaspace       used 52178K, committed 52800K, reserved 491520K
  class space    used 7096K, committed 7424K, reserved 425984K
}
Event: 59.140 GC heap after
{Heap after GC invocations=18 (full 0):
 garbage-first heap   total 86016K, used 42834K [0x0000000080000000, 0x0000000100000000)
  region size 1024K, 2 young (2048K), 2 survivors (2048K)
 Metaspace       used 52178K, committed 52800K, reserved 491520K
  class space    used 7096K, committed 7424K, reserved 425984K
}
Event: 60.019 GC heap before
{Heap before GC invocations=19 (full 0):
 garbage-first heap   total 86016K, used 69458K [0x0000000080000000, 0x0000000100000000)
  region size 1024K, 29 young (29696K), 2 survivors (2048K)
 Metaspace       used 55806K, committed 56384K, reserved 491520K
  class space    used 7605K, committed 7872K, reserved 425984K
}
Event: 60.026 GC heap after
{Heap after GC invocations=20 (full 0):
 garbage-first heap   total 232448K, used 45478K [0x0000000080000000, 0x0000000100000000)
  region size 1024K, 4 young (4096K), 4 survivors (4096K)
 Metaspace       used 55806K, committed 56384K, reserved 491520K
  class space    used 7605K, committed 7872K, reserved 425984K
}
Event: 68.535 GC heap before
{Heap before GC invocations=20 (full 0):
 garbage-first heap   total 232448K, used 193958K [0x0000000080000000, 0x0000000100000000)
  region size 1024K, 136 young (139264K), 4 survivors (4096K)
 Metaspace       used 67586K, committed 68416K, reserved 491520K
  class space    used 9271K, committed 9664K, reserved 425984K
}
Event: 68.552 GC heap after
{Heap after GC invocations=21 (full 0):
 garbage-first heap   total 232448K, used 66910K [0x0000000080000000, 0x0000000100000000)
  region size 1024K, 13 young (13312K), 13 survivors (13312K)
 Metaspace       used 67586K, committed 68416K, reserved 491520K
  class space    used 9271K, committed 9664K, reserved 425984K
}
Event: 73.145 GC heap before
{Heap before GC invocations=21 (full 0):
 garbage-first heap   total 232448K, used 179550K [0x0000000080000000, 0x0000000100000000)
  region size 1024K, 123 young (125952K), 13 survivors (13312K)
 Metaspace       used 75841K, committed 76672K, reserved 557056K
  class space    used 10449K, committed 10880K, reserved 425984K
}
Event: 73.163 GC heap after
{Heap after GC invocations=22 (full 0):
 garbage-first heap   total 232448K, used 72088K [0x0000000080000000, 0x0000000100000000)
  region size 1024K, 6 young (6144K), 6 survivors (6144K)
 Metaspace       used 75841K, committed 76672K, reserved 557056K
  class space    used 10449K, committed 10880K, reserved 425984K
}
Event: 85.449 GC heap before
{Heap before GC invocations=22 (full 0):
 garbage-first heap   total 232448K, used 182680K [0x0000000080000000, 0x0000000100000000)
  region size 1024K, 115 young (117760K), 6 survivors (6144K)
 Metaspace       used 82743K, committed 83648K, reserved 557056K
  class space    used 11559K, committed 11968K, reserved 425984K
}
Event: 85.494 GC heap after
{Heap after GC invocations=23 (full 0):
 garbage-first heap   total 232448K, used 79530K [0x0000000080000000, 0x0000000100000000)
  region size 1024K, 13 young (13312K), 13 survivors (13312K)
 Metaspace       used 82743K, committed 83648K, reserved 557056K
  class space    used 11559K, committed 11968K, reserved 425984K
}
Event: 152.177 GC heap before
{Heap before GC invocations=23 (full 0):
 garbage-first heap   total 232448K, used 172714K [0x0000000080000000, 0x0000000100000000)
  region size 1024K, 101 young (103424K), 13 survivors (13312K)
 Metaspace       used 87151K, committed 88128K, reserved 557056K
  class space    used 12152K, committed 12672K, reserved 425984K
}
Event: 152.191 GC heap after
{Heap after GC invocations=24 (full 0):
 garbage-first heap   total 232448K, used 93869K [0x0000000080000000, 0x0000000100000000)
  region size 1024K, 11 young (11264K), 11 survivors (11264K)
 Metaspace       used 87151K, committed 88128K, reserved 557056K
  class space    used 12152K, committed 12672K, reserved 425984K
}
Event: 155.617 GC heap before
{Heap before GC invocations=25 (full 0):
 garbage-first heap   total 232448K, used 192173K [0x0000000080000000, 0x0000000100000000)
  region size 1024K, 100 young (102400K), 11 survivors (11264K)
 Metaspace       used 92097K, committed 93056K, reserved 557056K
  class space    used 12758K, committed 13248K, reserved 425984K
}
Event: 155.635 GC heap after
{Heap after GC invocations=26 (full 0):
 garbage-first heap   total 232448K, used 100872K [0x0000000080000000, 0x0000000100000000)
  region size 1024K, 6 young (6144K), 6 survivors (6144K)
 Metaspace       used 92097K, committed 93056K, reserved 557056K
  class space    used 12758K, committed 13248K, reserved 425984K
}
Event: 155.742 GC heap before
{Heap before GC invocations=26 (full 0):
 garbage-first heap   total 232448K, used 105992K [0x0000000080000000, 0x0000000100000000)
  region size 1024K, 11 young (11264K), 6 survivors (6144K)
 Metaspace       used 92459K, committed 93504K, reserved 557056K
  class space    used 12795K, committed 13312K, reserved 425984K
}
Event: 155.750 GC heap after
{Heap after GC invocations=27 (full 0):
 garbage-first heap   total 232448K, used 101202K [0x0000000080000000, 0x0000000100000000)
  region size 1024K, 1 young (1024K), 1 survivors (1024K)
 Metaspace       used 92459K, committed 93504K, reserved 557056K
  class space    used 12795K, committed 13312K, reserved 425984K
}
Event: 158.555 GC heap before
{Heap before GC invocations=27 (full 0):
 garbage-first heap   total 232448K, used 187218K [0x0000000080000000, 0x0000000100000000)
  region size 1024K, 85 young (87040K), 1 survivors (1024K)
 Metaspace       used 97739K, committed 98816K, reserved 557056K
  class space    used 13501K, committed 14016K, reserved 425984K
}
Event: 158.563 GC heap after
{Heap after GC invocations=28 (full 0):
 garbage-first heap   total 232448K, used 103698K [0x0000000080000000, 0x0000000100000000)
  region size 1024K, 4 young (4096K), 4 survivors (4096K)
 Metaspace       used 97739K, committed 98816K, reserved 557056K
  class space    used 13501K, committed 14016K, reserved 425984K
}

